0	1	mikroCARM.exe -MSF -DBG -pSTM32F107VC -RA -BIN -LHF -DL -SSA -O11111114 -fo72 -N"C:\Users\katarina.perendic\Desktop\Pressure 6 click\example\c\ARM\STM\STM_AppDemo\Click_Pressure6_STM.mcpar" -SP"C:\Users\Public\Documents\Mikroelektronika\mikroC PRO for ARM\Defs\" -SP"C:\Users\Public\Documents\Mikroelektronika\mikroC PRO for ARM\Uses\ST M3\" -SP"C:\Users\katarina.perendic\Desktop\Pressure 6 click\example\c\ARM\STM\STM_AppDemo\" -SP"C:\Users\katarina.perendic\Desktop\Pressure 6 click\library\HAL\" -SP"C:\Users\katarina.perendic\Desktop\Pressure 6 click\library\" -SP"C:\Users\Public\Documents\Mikroelektronika\mikroC PRO for ARM\Packages\mikroBUS Board Definition API\Uses\" -SP"C:\Users\Public\Documents\Mikroelektronika\mikroC PRO for ARM\Packages\Cloud Click\Uses\" -IP"C:\Users\Public\Documents\Mikroelektronika\mikroC PRO for ARM\Uses\ST M3\" -IP"C:\Users\katarina.perendic\Desktop\Pressure 6 click\example\c\ARM\STM\STM_AppDemo\" -IP"C:\Users\katarina.perendic\Desktop\Pressure 6 click\library\" -IP"C:\Users\katarina.perendic\Desktop\Pressure 6 click\library\HAL\" -IP"C:\Users\Public\Documents\Mikroelektronika\mikroC PRO for ARM\Packages\mikroBUS Board Definition API\Uses\" -IP"C:\Users\Public\Documents\Mikroelektronika\mikroC PRO for ARM\Packages\Cloud Click\Uses\" "Click_Pressure6_STM.c" "__pressure6_driver.c" "__Lib_Math.emcl" "__Lib_MathDouble.emcl" "__Lib_Delays.emcl" "__Lib_System_105_107.emcl" "__Lib_GPIO_32F10x_Defs.emcl" "__Lib_GPIO_32F10x.emcl" "__Lib_CString.emcl" "__Lib_Conversions.emcl" "__Lib_I2C_12.emcl" "__Lib_UART_123_45.emcl" "easymx_v7_STM32F107VC.emcl" "Cloud_STM32_M3.emcl" "Click_Pressure6.pld"	 
diagnostics: 0	122	Compilation Started	STM32F107VC.c
diagnostics: 38838	123	Compiled Successfully	STM32F107VC.c
diagnostics: 0	122	Compilation Started	__Lib_Delays.c
diagnostics: 118	123	Compiled Successfully	__Lib_Delays.c
hint: 66	1164	Variable 'cycles_div_by_10' has been eliminated by optimizer	__Lib_Delays.c
hint: 87	1164	Variable 'NumberOfCyc' has been eliminated by optimizer	__Lib_Delays.c
hint: 104	1164	Variable 'NumberOfCyc' has been eliminated by optimizer	__Lib_Delays.c
diagnostics: 0	122	Compilation Started	__lib_gpio.h
diagnostics: 814	123	Compiled Successfully	__Lib_GPIO_32F10x_Defs.c
diagnostics: 0	122	Compilation Started	stdint.h
diagnostics: 349	123	Compiled Successfully	easymx_v7_STM32F107VC.c
diagnostics: 0	122	Compilation Started	stdint.h
diagnostics: 86	123	Compiled Successfully	Click_Pressure6_STM.c
diagnostics: 0	122	Compilation Started	stdint.h
diagnostics: 238	123	Compiled Successfully	__pressure6_driver.c
hint: 323	1164	Variable 'tmp' has been eliminated by optimizer	__pressure6_driver.c
hint: 84	1164	Variable 'tmp' has been eliminated by optimizer	__pressure6_driver.c
hint: 101	1164	Variable 'ptr' has been eliminated by optimizer	__pressure6_driver.c
hint: 109	1164	Variable 'ptr' has been eliminated by optimizer	__pressure6_driver.c
hint: 155	1164	Variable 'pressure_value' has been eliminated by optimizer	__pressure6_driver.c
hint: 181	1164	Variable 'temp_value' has been eliminated by optimizer	__pressure6_driver.c
hint: 200	1164	Variable 'status' has been eliminated by optimizer	__pressure6_driver.c
diagnostics: 0	127	All files Compiled in 125 ms	 
hint: 0	1144	Used RX: 16 (100%)   Free RX: 0 (0%)	Used RX: 16 (100%)   Free RX: 0 (0%)
hint: 0	1144	Static RAM (bytes): 212   Dynamic RAM (bytes): 65321	Static RAM (bytes): 212   Dynamic RAM (bytes): 65321
hint: 0	1144	Used ROM (bytes): 9902 (4%)  Free ROM (bytes): 252242 (96%)	Used ROM (bytes): 9902 (4%)  Free ROM (bytes): 252242 (96%)
diagnostics: 0	125	Project Linked Successfully	Click_Pressure6_STM.mcpar
diagnostics: 0	128	Linked in 250 ms	 
diagnostics: 0	129	Project 'Click_Pressure6_STM.mcpar' completed: 1297 ms	 
diagnostics: 0	103	Finished successfully: 18 okt 2018, 13:57:36	Click_Pressure6_STM.mcpar
